<?xml version="1.0" encoding="UTF-8"?>
<!-- Generated by org.testng.reporters.JUnitXMLReporter -->
<testsuite ignored="18" hostname="DESKTOP-KE25AAU" failures="0" tests="1" name="Default test" time="6.084" errors="0" timestamp="2023-01-19T11:36:07 IST">
  <testcase classname="Andriod_BaseTest.AulasBaseTest" name="@AfterClass tearDown" time="0.003">
    <failure type="java.lang.NullPointerException">
      <![CDATA[java.lang.NullPointerException
at Andriod_BaseTest.AulasBaseTest.tearDown(AulasBaseTest.java:274)
at java.base/jdk.internal.reflect.NativeMethodAccessorImpl.invoke0(Native Method)
at java.base/jdk.internal.reflect.NativeMethodAccessorImpl.invoke(NativeMethodAccessorImpl.java:62)
at java.base/jdk.internal.reflect.DelegatingMethodAccessorImpl.invoke(DelegatingMethodAccessorImpl.java:43)
at java.base/java.lang.reflect.Method.invoke(Method.java:566)
at org.testng.internal.invokers.MethodInvocationHelper.invokeMethod(MethodInvocationHelper.java:139)
at org.testng.internal.invokers.MethodInvocationHelper.invokeMethodConsideringTimeout(MethodInvocationHelper.java:69)
at org.testng.internal.invokers.ConfigInvoker.invokeConfigurationMethod(ConfigInvoker.java:361)
at org.testng.internal.invokers.ConfigInvoker.invokeConfigurations(ConfigInvoker.java:296)
at org.testng.internal.invokers.TestMethodWorker.invokeAfterClassMethods(TestMethodWorker.java:222)
at org.testng.internal.invokers.TestMethodWorker.run(TestMethodWorker.java:131)
at java.base/java.util.ArrayList.forEach(ArrayList.java:1541)
at org.testng.TestRunner.privateRun(TestRunner.java:806)
at org.testng.TestRunner.run(TestRunner.java:601)
at org.testng.SuiteRunner.runTest(SuiteRunner.java:433)
at org.testng.SuiteRunner.runSequentially(SuiteRunner.java:427)
at org.testng.SuiteRunner.privateRun(SuiteRunner.java:387)
at org.testng.SuiteRunner.run(SuiteRunner.java:330)
at org.testng.SuiteRunnerWorker.runSuite(SuiteRunnerWorker.java:52)
at org.testng.SuiteRunnerWorker.run(SuiteRunnerWorker.java:95)
at org.testng.TestNG.runSuitesSequentially(TestNG.java:1256)
at org.testng.TestNG.runSuitesLocally(TestNG.java:1176)
at org.testng.TestNG.runSuites(TestNG.java:1099)
at org.testng.TestNG.run(TestNG.java:1067)
at org.testng.remote.AbstractRemoteTestNG.run(AbstractRemoteTestNG.java:115)
at org.testng.remote.RemoteTestNG.initAndRun(RemoteTestNG.java:251)
at org.testng.remote.RemoteTestNG.main(RemoteTestNG.java:77)
]]>
    </failure>
  </testcase> <!-- @AfterClass tearDown -->
  <testcase classname="TestCasesMobile.SmokeTestCasesForMobile" name="CreateScheduleBroadcast" time="6.012"/>
  <testcase classname="TestCasesMobile.SmokeTestCasesForMobile" name="validateAllStudentsOverview" time="0.0">
    <ignored/>
  </testcase> <!-- validateAllStudentsOverview -->
  <testcase classname="TestCasesMobile.SmokeTestCasesForMobile" name="validateTransactionsAddOfflinePayment" time="0.0">
    <ignored/>
  </testcase> <!-- validateTransactionsAddOfflinePayment -->
  <testcase classname="TestCasesMobile.SmokeTestCasesForMobile" name="validateSettings" time="0.0">
    <ignored/>
  </testcase> <!-- validateSettings -->
  <testcase classname="TestCasesMobile.SmokeTestCasesForMobile" name="clickGeoFence" time="0.0">
    <ignored/>
  </testcase> <!-- clickGeoFence -->
  <testcase classname="TestCasesMobile.SmokeTestCasesForMobile" name="checkFAQs" time="0.0">
    <ignored/>
  </testcase> <!-- checkFAQs -->
  <testcase classname="TestCasesMobile.SmokeTestCasesForMobile" name="validateTransactionsInvoiceDownload" time="0.0">
    <ignored/>
  </testcase> <!-- validateTransactionsInvoiceDownload -->
  <testcase classname="TestCasesMobile.SmokeTestCasesForMobile" name="validateTransactionsTypeofpayment" time="0.0">
    <ignored/>
  </testcase> <!-- validateTransactionsTypeofpayment -->
  <testcase classname="TestCasesMobile.SmokeTestCasesForMobile" name="checkSrudentPrevileged" time="0.0">
    <ignored/>
  </testcase> <!-- checkSrudentPrevileged -->
  <testcase classname="TestCasesMobile.SmokeTestCasesForMobile" name="validateFeeViewMore" time="0.0">
    <ignored/>
  </testcase> <!-- validateFeeViewMore -->
  <testcase classname="TestCasesMobile.SmokeTestCasesForMobile" name="validateTransactionsPaymentDatefilter" time="0.0">
    <ignored/>
  </testcase> <!-- validateTransactionsPaymentDatefilter -->
  <testcase classname="TestCasesMobile.SmokeTestCasesForMobile" name="checkTeacherPrevileged" time="0.0">
    <ignored/>
  </testcase> <!-- checkTeacherPrevileged -->
  <testcase classname="TestCasesMobile.SmokeTestCasesForMobile" name="validateGeneratePaymentRequestIndividual" time="0.0">
    <ignored/>
  </testcase> <!-- validateGeneratePaymentRequestIndividual -->
  <testcase classname="TestCasesMobile.SmokeTestCasesForMobile" name="validateAddOfflinePayment" time="0.0">
    <ignored/>
  </testcase> <!-- validateAddOfflinePayment -->
  <testcase classname="TestCasesMobile.SmokeTestCasesForMobile" name="CreateScheduleOffline" time="0.0">
    <ignored/>
  </testcase> <!-- CreateScheduleOffline -->
  <testcase classname="TestCasesMobile.SmokeTestCasesForMobile" name="checkSupport" time="0.0">
    <ignored/>
  </testcase> <!-- checkSupport -->
  <testcase classname="TestCasesMobile.SmokeTestCasesForMobile" name="checkViewAllOptions" time="0.0">
    <ignored/>
  </testcase> <!-- checkViewAllOptions -->
  <testcase classname="TestCasesMobile.SmokeTestCasesForMobile" name="fillVaccinationDetails" time="0.0">
    <ignored/>
  </testcase> <!-- fillVaccinationDetails -->
  <testcase classname="TestCasesMobile.SmokeTestCasesForMobile" name="validateGeneratePaymentRequestClass" time="0.0">
    <ignored/>
  </testcase> <!-- validateGeneratePaymentRequestClass -->
</testsuite> <!-- Default test -->
